android/app/mapping.txt
# compiler: R8
# compiler_version: 1.4.94
# min_api: 16
com.myproject.MainActivity -> com.myproject.MainActivity:
    1:1:void <init>():10:10 -> <init>
    1:1:com.facebook.react.ReactActivityDelegate createReactActivityDelegate():30:30 -> mc
    java.lang.String getMainComponentName() -> nc
    1:2:void onCreate(android.os.Bundle):24:25 -> onCreate
com.myproject.MainActivity$1 -> e.h.a:
    1:1:void <init>(com.myproject.MainActivity,com.facebook.react.ReactActivity,java.lang.String):30:30 -> <init>
    1:1:com.facebook.react.ReactRootView createRootView():33:33 -> gr
com.myproject.MainApplication -> com.myproject.MainApplication:
    com.facebook.react.ReactNativeHost mReactNativeHost -> Va
    1:1:void <init>():21:21 -> <init>
    2:2:void <init>():23:23 -> <init>
    1:1:com.facebook.react.ReactNativeHost getReactNativeHost():52:52 -> C
    1:2:void onCreate():57:58 -> onCreate
com.myproject.MainApplication$1 -> e.h.b:
    1:1:void <init>(com.myproject.MainApplication,android.app.Application):23:23 -> <init>
    boolean getUseDeveloperSupport() -> Dr
    1:1:java.util.List getPackages():31:31 -> getPackages
    java.lang.String getJSMainModuleName() -> zr
...
com.google.android.gms.common.api.internal.BasePendingResult$zaa -> com.google.android.gms.common.api.internal.BasePendingResult$b:
    com.google.android.gms.common.api.internal.BasePendingResult zaea -> Ala
    1:1:void <init>(com.google.android.gms.common.api.internal.BasePendingResult) -> <init>
    2:2:void <init>(com.google.android.gms.common.api.internal.BasePendingResult,com.google.android.gms.common.api.internal.zap):5:5 -> <init>
    1:2:void finalize():2:3 -> finalize
com.google.android.gms.common.api.internal.GoogleApiManager -> e.d.a.a.c.a.a.b:
    com.google.android.gms.common.GoogleApiAvailability zaid -> _la
    android.content.Context zaic -> Zla
    long zahy -> Wla
    com.google.android.gms.common.api.internal.zaae zaii -> ema
    java.util.concurrent.atomic.AtomicInteger zaif -> bma
    java.util.concurrent.atomic.AtomicInteger zaig -> cma
    long zaia -> Yla
    com.google.android.gms.common.api.Status zahx -> Ula
    com.google.android.gms.common.api.internal.GoogleApiManager zaib -> Vla
    long zahz -> Xla
    java.util.Set zaij -> fma
    com.google.android.gms.common.api.Status zahw -> Tla
    com.google.android.gms.common.internal.GoogleApiAvailabilityCache zaie -> ama
    java.util.Set zaik -> gma
    java.util.Map zaih -> dma
    1:3:void <clinit>():232:234 -> <clinit>
    1:15:void <init>(android.content.Context,android.os.Looper,com.google.android.gms.common.GoogleApiAvailability):21:35 -> <init>
    1:1:java.lang.Object zabe():225:225 -> Fu
    1:1:com.google.android.gms.common.api.Status zabf():228:228 -> Gu
    1:1:void zao():63:63 -> Hu
    1:5:com.google.android.gms.common.api.internal.GoogleApiManager zab(android.content.Context) -> Q
    6:9:com.google.android.gms.common.api.internal.GoogleApiManager zab(android.content.Context):7:10 -> Q
    1:2:void zab(com.google.android.gms.common.api.GoogleApi):40:41 -> a
    3:7:void zab(com.google.android.gms.common.api.GoogleApi):43:47 -> a
com.google.android.gms.common.api.internal.GoogleApiManager$zaa -> e.d.a.a.c.a.a.b$a:
    com.google.android.gms.common.api.Api$AnyClient zaio -> Dla
    com.google.android.gms.common.api.internal.zaab zaip -> Fla
    com.google.android.gms.common.api.internal.zace zait -> Jla
    com.google.android.gms.common.api.internal.GoogleApiManager zail -> Nla
    java.util.Set zaiq -> Gla
    java.util.List zaiv -> Lla
    com.google.android.gms.common.ConnectionResult zaiw -> Mla
    com.google.android.gms.common.api.Api$Client zain -> Cla
    java.util.Queue zaim -> Bla
    java.util.Map zair -> Hla
    int zais -> Ila
    boolean zaiu -> Kla
    com.google.android.gms.common.api.internal.zai zafp -> Ela
    1:16:void <init>(com.google.android.gms.common.api.internal.GoogleApiManager,com.google.android.gms.common.api.GoogleApi) -> <init>
    1:1:boolean requiresSignIn():238:238 -> Ab
    1:2:com.google.android.gms.common.ConnectionResult zabm():131:132 -> Au
    1:4:void zabn():183:186 -> Bu
    1:4:void zabo():198:201 -> Cu
    1:1:boolean zabp():203:203 -> Du
    1:3:boolean zac(boolean):204:206 -> Qa
    4:4:boolean zac(boolean):208:208 -> Qa
    5:5:boolean zac(boolean):210:210 -> Qa
    1:10:void zaa(com.google.android.gms.common.api.internal.zab):103:112 -> a
    11:12:void zaa(com.google.android.gms.common.api.internal.zak):226:227 -> a
    13:13:com.google.android.gms.common.Feature zaa(com.google.android.gms.common.Feature[]):241:241 -> a