android/app/unused.txt
com.myproject.R$bool
com.myproject.R$drawable
com.myproject.R$dimen
com.myproject.R
com.myproject.BuildConfig
com.myproject.R$mipmap
com.myproject.R$styleable
com.myproject.R$style
com.myproject.R$layout
com.myproject.R$id
com.myproject.R$attr
com.myproject.R$string
com.myproject.R$xml
com.myproject.R$anim
com.myproject.R$integer
com.myproject.R$color
...
android.support.v4.app.FragmentTransaction
    public abstract android.support.v4.app.FragmentTransaction add(int,android.support.v4.app.Fragment)
    public abstract android.support.v4.app.FragmentTransaction add(int,android.support.v4.app.Fragment,java.lang.String)
    public abstract android.support.v4.app.FragmentTransaction replace(int,android.support.v4.app.Fragment)
    public abstract android.support.v4.app.FragmentTransaction replace(int,android.support.v4.app.Fragment,java.lang.String)
    public abstract android.support.v4.app.FragmentTransaction hide(android.support.v4.app.Fragment)
    public abstract android.support.v4.app.FragmentTransaction show(android.support.v4.app.Fragment)
    public abstract android.support.v4.app.FragmentTransaction detach(android.support.v4.app.Fragment)
    public abstract android.support.v4.app.FragmentTransaction attach(android.support.v4.app.Fragment)
    public abstract android.support.v4.app.FragmentTransaction setPrimaryNavigationFragment(android.support.v4.app.Fragment)
    public abstract boolean isEmpty()
    public abstract android.support.v4.app.FragmentTransaction setCustomAnimations(int,int)
    public abstract android.support.v4.app.FragmentTransaction setCustomAnimations(int,int,int,int)
    public abstract android.support.v4.app.FragmentTransaction addSharedElement(android.view.View,java.lang.String)
    public abstract android.support.v4.app.FragmentTransaction setTransition(int)
android.support.v4.text.util.FindAddress$ZipRange
com.facebook.react.uimanager.UIManagerModuleConstantsHelper
    void <init>()
    private static final java.lang.String BUBBLING_EVENTS_KEY
    private static final java.lang.String DIRECT_EVENTS_KEY
com.loc.h$1
com.google.android.gms.common.zzk
android.support.v7.widget.ScrollingTabContainerView$VisibilityAnimListener
com.google.android.gms.common.util.PlatformVersion
    private void <init>()
    public static boolean isAtLeastHoneycomb()
    public static boolean isAtLeastHoneycombMR1()
    public static boolean isAtLeastJellyBeanMR1()
    public static boolean isAtLeastKitKat()
    public static boolean isAtLeastLollipopMR1()
    public static boolean isAtLeastM()
    public static boolean isAtLeastP()
android.support.v4.view.LayoutInflaterCompat$Factory2Wrapper
com.facebook.imagepipeline.memory.DefaultBitmapPoolParams
    private void <init>()
    private static final int MAX_SIZE_SOFT_CAP
android.support.v4.media.MediaBrowserCompat$MediaBrowserImplBase$4
com.facebook.imagepipeline.memory.PoolStatsTracker
    public static final java.lang.String BUCKETS_USED_PREFIX
    public static final java.lang.String USED_COUNT
    public static final java.lang.String USED_BYTES
    public static final java.lang.String FREE_COUNT
    public static final java.lang.String FREE_BYTES
    public static final java.lang.String SOFT_CAP
    public static final java.lang.String HARD_CAP
com.google.android.gms.dynamic.zae
android.support.v4.widget.SimpleCursorAdapter$ViewBinder
android.arch.lifecycle.viewmodel.R
fi.iki.elonen.NanoHTTPD$ResponseException
    private static final long serialVersionUID
com.google.android.gms.stats.zza
android.support.compat.R$styleable
    private void <init>()
com.learnium.RNDeviceInfo.R$dimen
android.arch.lifecycle.ComputableLiveData$1
android.support.v4.content.CursorLoader
com.google.android.gms.common.GooglePlayServicesNotAvailableException
com.google.android.gms.common.data.DataHolder
com.facebook.imagepipeline.cache.BitmapMemoryCacheTrimStrategy
    public double getTrimRatio(com.facebook.common.memory.MemoryTrimType)
    private static final java.lang.String TAG
com.facebook.infer.annotation.TrueOnNull
com.facebook.imagepipeline.request.HasImageRequest
    public abstract com.facebook.imagepipeline.request.ImageRequest getImageRequest()
com.facebook.imagepipeline.memory.Bucket
    public int getInUseCount()
    private static final java.lang.String TAG
android.support.v7.widget.ActivityChooserView$1